[2018-02-10T12:24:14,462][INFO ][o.e.n.Node               ] [node-1] initializing ...
[2018-02-10T12:24:16,190][INFO ][o.e.e.NodeEnvironment    ] [node-1] using [1] data paths, mounts [[(C:)]], net usable_space [43.8gb], net total_space [227.3gb], types [NTFS]
[2018-02-10T12:24:16,190][INFO ][o.e.e.NodeEnvironment    ] [node-1] heap size [990.7mb], compressed ordinary object pointers [true]
[2018-02-10T12:24:16,194][INFO ][o.e.n.Node               ] [node-1] node name [node-1], node ID [9YaRpnijQjSty1xFF213Mw]
[2018-02-10T12:24:16,195][INFO ][o.e.n.Node               ] [node-1] version[6.1.3], pid[216], build[af51318/2018-01-26T18:22:55.523Z], OS[Windows 10/10.0/amd64], JVM[Oracle Corporation/Java HotSpot(TM) 64-Bit Server VM/9.0.4/9.0.4+11]
[2018-02-10T12:24:16,196][INFO ][o.e.n.Node               ] [node-1] JVM arguments [-Xms1g, -Xmx1g, -XX:+UseConcMarkSweepGC, -XX:CMSInitiatingOccupancyFraction=75, -XX:+UseCMSInitiatingOccupancyOnly, -XX:+AlwaysPreTouch, -Xss1m, -Djava.awt.headless=true, -Dfile.encoding=UTF-8, -Djna.nosys=true, -XX:-OmitStackTraceInFastThrow, -Dio.netty.noUnsafe=true, -Dio.netty.noKeySetOptimization=true, -Dio.netty.recycler.maxCapacityPerThread=0, -Dlog4j.shutdownHookEnabled=false, -Dlog4j2.disable.jmx=true, -XX:+HeapDumpOnOutOfMemoryError, -Delasticsearch, -Des.path.home=C:\Users\GiangNT\Desktop\elasticsearch\elasticsearch-6.1.3, -Des.path.conf=C:\Users\GiangNT\Desktop\elasticsearch\elasticsearch-6.1.3\config]
[2018-02-10T12:24:22,546][INFO ][o.e.p.PluginsService     ] [node-1] loaded module [aggs-matrix-stats]
[2018-02-10T12:24:22,547][INFO ][o.e.p.PluginsService     ] [node-1] loaded module [analysis-common]
[2018-02-10T12:24:22,547][INFO ][o.e.p.PluginsService     ] [node-1] loaded module [ingest-common]
[2018-02-10T12:24:22,547][INFO ][o.e.p.PluginsService     ] [node-1] loaded module [lang-expression]
[2018-02-10T12:24:22,548][INFO ][o.e.p.PluginsService     ] [node-1] loaded module [lang-mustache]
[2018-02-10T12:24:22,548][INFO ][o.e.p.PluginsService     ] [node-1] loaded module [lang-painless]
[2018-02-10T12:24:22,549][INFO ][o.e.p.PluginsService     ] [node-1] loaded module [mapper-extras]
[2018-02-10T12:24:22,549][INFO ][o.e.p.PluginsService     ] [node-1] loaded module [parent-join]
[2018-02-10T12:24:22,549][INFO ][o.e.p.PluginsService     ] [node-1] loaded module [percolator]
[2018-02-10T12:24:22,550][INFO ][o.e.p.PluginsService     ] [node-1] loaded module [reindex]
[2018-02-10T12:24:22,550][INFO ][o.e.p.PluginsService     ] [node-1] loaded module [repository-url]
[2018-02-10T12:24:22,552][INFO ][o.e.p.PluginsService     ] [node-1] loaded module [transport-netty4]
[2018-02-10T12:24:22,552][INFO ][o.e.p.PluginsService     ] [node-1] loaded module [tribe]
[2018-02-10T12:24:22,555][INFO ][o.e.p.PluginsService     ] [node-1] no plugins loaded
[2018-02-10T12:24:35,119][INFO ][o.e.d.DiscoveryModule    ] [node-1] using discovery type [zen]
[2018-02-10T12:24:47,685][INFO ][o.e.n.Node               ] [node-1] initialized
[2018-02-10T12:24:47,685][INFO ][o.e.n.Node               ] [node-1] starting ...
[2018-02-10T12:24:48,955][ERROR][o.e.b.Bootstrap          ] [node-1] Exception
org.elasticsearch.transport.BindTransportException: Failed to bind to [9300-9400]
	at org.elasticsearch.transport.TcpTransport.bindToPort(TcpTransport.java:793) ~[elasticsearch-6.1.3.jar:6.1.3]
	at org.elasticsearch.transport.TcpTransport.bindServer(TcpTransport.java:758) ~[elasticsearch-6.1.3.jar:6.1.3]
	at org.elasticsearch.transport.netty4.Netty4Transport.doStart(Netty4Transport.java:139) ~[?:?]
	at org.elasticsearch.common.component.AbstractLifecycleComponent.start(AbstractLifecycleComponent.java:66) ~[elasticsearch-6.1.3.jar:6.1.3]
	at org.elasticsearch.transport.TransportService.doStart(TransportService.java:209) ~[elasticsearch-6.1.3.jar:6.1.3]
	at org.elasticsearch.common.component.AbstractLifecycleComponent.start(AbstractLifecycleComponent.java:66) ~[elasticsearch-6.1.3.jar:6.1.3]
	at org.elasticsearch.node.Node.start(Node.java:613) ~[elasticsearch-6.1.3.jar:6.1.3]
	at org.elasticsearch.bootstrap.Bootstrap.start(Bootstrap.java:261) ~[elasticsearch-6.1.3.jar:6.1.3]
	at org.elasticsearch.bootstrap.Bootstrap.init(Bootstrap.java:331) [elasticsearch-6.1.3.jar:6.1.3]
	at org.elasticsearch.bootstrap.Elasticsearch.init(Elasticsearch.java:121) [elasticsearch-6.1.3.jar:6.1.3]
	at org.elasticsearch.bootstrap.Elasticsearch.execute(Elasticsearch.java:112) [elasticsearch-6.1.3.jar:6.1.3]
	at org.elasticsearch.cli.EnvironmentAwareCommand.execute(EnvironmentAwareCommand.java:86) [elasticsearch-6.1.3.jar:6.1.3]
	at org.elasticsearch.cli.Command.mainWithoutErrorHandling(Command.java:124) [elasticsearch-cli-6.1.3.jar:6.1.3]
	at org.elasticsearch.cli.Command.main(Command.java:90) [elasticsearch-cli-6.1.3.jar:6.1.3]
	at org.elasticsearch.bootstrap.Elasticsearch.main(Elasticsearch.java:92) [elasticsearch-6.1.3.jar:6.1.3]
	at org.elasticsearch.bootstrap.Elasticsearch.main(Elasticsearch.java:85) [elasticsearch-6.1.3.jar:6.1.3]
Caused by: java.net.BindException: Cannot assign requested address: bind
	at sun.nio.ch.Net.bind0(Native Method) ~[?:?]
	at sun.nio.ch.Net.bind(Unknown Source) ~[?:?]
	at sun.nio.ch.Net.bind(Unknown Source) ~[?:?]
	at sun.nio.ch.ServerSocketChannelImpl.bind(Unknown Source) ~[?:?]
	at io.netty.channel.socket.nio.NioServerSocketChannel.doBind(NioServerSocketChannel.java:128) ~[?:?]
	at io.netty.channel.AbstractChannel$AbstractUnsafe.bind(AbstractChannel.java:554) ~[?:?]
	at io.netty.channel.DefaultChannelPipeline$HeadContext.bind(DefaultChannelPipeline.java:1258) ~[?:?]
	at io.netty.channel.AbstractChannelHandlerContext.invokeBind(AbstractChannelHandlerContext.java:501) ~[?:?]
	at io.netty.channel.AbstractChannelHandlerContext.bind(AbstractChannelHandlerContext.java:486) ~[?:?]
	at io.netty.channel.DefaultChannelPipeline.bind(DefaultChannelPipeline.java:980) ~[?:?]
	at io.netty.channel.AbstractChannel.bind(AbstractChannel.java:250) ~[?:?]
	at io.netty.bootstrap.AbstractBootstrap$2.run(AbstractBootstrap.java:365) ~[?:?]
	at io.netty.util.concurrent.AbstractEventExecutor.safeExecute(AbstractEventExecutor.java:163) ~[?:?]
	at io.netty.util.concurrent.SingleThreadEventExecutor.runAllTasks(SingleThreadEventExecutor.java:403) ~[?:?]
	at io.netty.channel.nio.NioEventLoop.run(NioEventLoop.java:462) ~[?:?]
	at io.netty.util.concurrent.SingleThreadEventExecutor$5.run(SingleThreadEventExecutor.java:858) ~[?:?]
	at java.lang.Thread.run(Unknown Source) ~[?:?]
[2018-02-10T12:24:48,965][WARN ][o.e.b.ElasticsearchUncaughtExceptionHandler] [node-1] uncaught exception in thread [main]
org.elasticsearch.bootstrap.StartupException: BindTransportException[Failed to bind to [9300-9400]]; nested: BindException[Cannot assign requested address: bind];
	at org.elasticsearch.bootstrap.Elasticsearch.init(Elasticsearch.java:125) ~[elasticsearch-6.1.3.jar:6.1.3]
	at org.elasticsearch.bootstrap.Elasticsearch.execute(Elasticsearch.java:112) ~[elasticsearch-6.1.3.jar:6.1.3]
	at org.elasticsearch.cli.EnvironmentAwareCommand.execute(EnvironmentAwareCommand.java:86) ~[elasticsearch-6.1.3.jar:6.1.3]
	at org.elasticsearch.cli.Command.mainWithoutErrorHandling(Command.java:124) ~[elasticsearch-cli-6.1.3.jar:6.1.3]
	at org.elasticsearch.cli.Command.main(Command.java:90) ~[elasticsearch-cli-6.1.3.jar:6.1.3]
	at org.elasticsearch.bootstrap.Elasticsearch.main(Elasticsearch.java:92) ~[elasticsearch-6.1.3.jar:6.1.3]
	at org.elasticsearch.bootstrap.Elasticsearch.main(Elasticsearch.java:85) ~[elasticsearch-6.1.3.jar:6.1.3]
Caused by: org.elasticsearch.transport.BindTransportException: Failed to bind to [9300-9400]
	at org.elasticsearch.transport.TcpTransport.bindToPort(TcpTransport.java:793) ~[elasticsearch-6.1.3.jar:6.1.3]
	at org.elasticsearch.transport.TcpTransport.bindServer(TcpTransport.java:758) ~[elasticsearch-6.1.3.jar:6.1.3]
	at org.elasticsearch.transport.netty4.Netty4Transport.doStart(Netty4Transport.java:139) ~[?:?]
	at org.elasticsearch.common.component.AbstractLifecycleComponent.start(AbstractLifecycleComponent.java:66) ~[elasticsearch-6.1.3.jar:6.1.3]
	at org.elasticsearch.transport.TransportService.doStart(TransportService.java:209) ~[elasticsearch-6.1.3.jar:6.1.3]
	at org.elasticsearch.common.component.AbstractLifecycleComponent.start(AbstractLifecycleComponent.java:66) ~[elasticsearch-6.1.3.jar:6.1.3]
	at org.elasticsearch.node.Node.start(Node.java:613) ~[elasticsearch-6.1.3.jar:6.1.3]
	at org.elasticsearch.bootstrap.Bootstrap.start(Bootstrap.java:261) ~[elasticsearch-6.1.3.jar:6.1.3]
	at org.elasticsearch.bootstrap.Bootstrap.init(Bootstrap.java:331) ~[elasticsearch-6.1.3.jar:6.1.3]
	at org.elasticsearch.bootstrap.Elasticsearch.init(Elasticsearch.java:121) ~[elasticsearch-6.1.3.jar:6.1.3]
	... 6 more
Caused by: java.net.BindException: Cannot assign requested address: bind
	at sun.nio.ch.Net.bind0(Native Method) ~[?:?]
	at sun.nio.ch.Net.bind(Unknown Source) ~[?:?]
	at sun.nio.ch.Net.bind(Unknown Source) ~[?:?]
	at sun.nio.ch.ServerSocketChannelImpl.bind(Unknown Source) ~[?:?]
	at io.netty.channel.socket.nio.NioServerSocketChannel.doBind(NioServerSocketChannel.java:128) ~[?:?]
	at io.netty.channel.AbstractChannel$AbstractUnsafe.bind(AbstractChannel.java:554) ~[?:?]
	at io.netty.channel.DefaultChannelPipeline$HeadContext.bind(DefaultChannelPipeline.java:1258) ~[?:?]
	at io.netty.channel.AbstractChannelHandlerContext.invokeBind(AbstractChannelHandlerContext.java:501) ~[?:?]
	at io.netty.channel.AbstractChannelHandlerContext.bind(AbstractChannelHandlerContext.java:486) ~[?:?]
	at io.netty.channel.DefaultChannelPipeline.bind(DefaultChannelPipeline.java:980) ~[?:?]
	at io.netty.channel.AbstractChannel.bind(AbstractChannel.java:250) ~[?:?]
	at io.netty.bootstrap.AbstractBootstrap$2.run(AbstractBootstrap.java:365) ~[?:?]
	at io.netty.util.concurrent.AbstractEventExecutor.safeExecute(AbstractEventExecutor.java:163) ~[?:?]
	at io.netty.util.concurrent.SingleThreadEventExecutor.runAllTasks(SingleThreadEventExecutor.java:403) ~[?:?]
	at io.netty.channel.nio.NioEventLoop.run(NioEventLoop.java:462) ~[?:?]
	at io.netty.util.concurrent.SingleThreadEventExecutor$5.run(SingleThreadEventExecutor.java:858) ~[?:?]
	at java.lang.Thread.run(Unknown Source) [?:?]
[2018-02-10T12:24:49,187][INFO ][o.e.n.Node               ] [node-1] stopping ...
[2018-02-10T12:24:49,189][INFO ][o.e.n.Node               ] [node-1] stopped
[2018-02-10T12:24:49,190][INFO ][o.e.n.Node               ] [node-1] closing ...
[2018-02-10T12:24:49,230][INFO ][o.e.n.Node               ] [node-1] closed
[2018-02-10T12:25:06,225][INFO ][o.e.n.Node               ] [node-1] initializing ...
[2018-02-10T12:25:06,469][INFO ][o.e.e.NodeEnvironment    ] [node-1] using [1] data paths, mounts [[(C:)]], net usable_space [43.8gb], net total_space [227.3gb], types [NTFS]
[2018-02-10T12:25:06,469][INFO ][o.e.e.NodeEnvironment    ] [node-1] heap size [990.7mb], compressed ordinary object pointers [true]
[2018-02-10T12:25:06,477][INFO ][o.e.n.Node               ] [node-1] node name [node-1], node ID [9YaRpnijQjSty1xFF213Mw]
[2018-02-10T12:25:06,477][INFO ][o.e.n.Node               ] [node-1] version[6.1.3], pid[7532], build[af51318/2018-01-26T18:22:55.523Z], OS[Windows 10/10.0/amd64], JVM[Oracle Corporation/Java HotSpot(TM) 64-Bit Server VM/9.0.4/9.0.4+11]
[2018-02-10T12:25:06,478][INFO ][o.e.n.Node               ] [node-1] JVM arguments [-Xms1g, -Xmx1g, -XX:+UseConcMarkSweepGC, -XX:CMSInitiatingOccupancyFraction=75, -XX:+UseCMSInitiatingOccupancyOnly, -XX:+AlwaysPreTouch, -Xss1m, -Djava.awt.headless=true, -Dfile.encoding=UTF-8, -Djna.nosys=true, -XX:-OmitStackTraceInFastThrow, -Dio.netty.noUnsafe=true, -Dio.netty.noKeySetOptimization=true, -Dio.netty.recycler.maxCapacityPerThread=0, -Dlog4j.shutdownHookEnabled=false, -Dlog4j2.disable.jmx=true, -XX:+HeapDumpOnOutOfMemoryError, -Delasticsearch, -Des.path.home=C:\Users\GiangNT\Desktop\elasticsearch\elasticsearch-6.1.3, -Des.path.conf=C:\Users\GiangNT\Desktop\elasticsearch\elasticsearch-6.1.3\config]
[2018-02-10T12:25:08,004][INFO ][o.e.p.PluginsService     ] [node-1] loaded module [aggs-matrix-stats]
[2018-02-10T12:25:08,007][INFO ][o.e.p.PluginsService     ] [node-1] loaded module [analysis-common]
[2018-02-10T12:25:08,008][INFO ][o.e.p.PluginsService     ] [node-1] loaded module [ingest-common]
[2018-02-10T12:25:08,010][INFO ][o.e.p.PluginsService     ] [node-1] loaded module [lang-expression]
[2018-02-10T12:25:08,011][INFO ][o.e.p.PluginsService     ] [node-1] loaded module [lang-mustache]
[2018-02-10T12:25:08,015][INFO ][o.e.p.PluginsService     ] [node-1] loaded module [lang-painless]
[2018-02-10T12:25:08,018][INFO ][o.e.p.PluginsService     ] [node-1] loaded module [mapper-extras]
[2018-02-10T12:25:08,019][INFO ][o.e.p.PluginsService     ] [node-1] loaded module [parent-join]
[2018-02-10T12:25:08,020][INFO ][o.e.p.PluginsService     ] [node-1] loaded module [percolator]
[2018-02-10T12:25:08,020][INFO ][o.e.p.PluginsService     ] [node-1] loaded module [reindex]
[2018-02-10T12:25:08,022][INFO ][o.e.p.PluginsService     ] [node-1] loaded module [repository-url]
[2018-02-10T12:25:08,024][INFO ][o.e.p.PluginsService     ] [node-1] loaded module [transport-netty4]
[2018-02-10T12:25:08,025][INFO ][o.e.p.PluginsService     ] [node-1] loaded module [tribe]
[2018-02-10T12:25:08,026][INFO ][o.e.p.PluginsService     ] [node-1] no plugins loaded
[2018-02-10T12:25:10,518][INFO ][o.e.d.DiscoveryModule    ] [node-1] using discovery type [zen]
[2018-02-10T12:25:11,181][INFO ][o.e.n.Node               ] [node-1] initialized
[2018-02-10T12:25:11,182][INFO ][o.e.n.Node               ] [node-1] starting ...
[2018-02-10T12:25:11,516][ERROR][o.e.b.Bootstrap          ] [node-1] Exception
org.elasticsearch.transport.BindTransportException: Failed to bind to [9300-9400]
	at org.elasticsearch.transport.TcpTransport.bindToPort(TcpTransport.java:793) ~[elasticsearch-6.1.3.jar:6.1.3]
	at org.elasticsearch.transport.TcpTransport.bindServer(TcpTransport.java:758) ~[elasticsearch-6.1.3.jar:6.1.3]
	at org.elasticsearch.transport.netty4.Netty4Transport.doStart(Netty4Transport.java:139) ~[?:?]
	at org.elasticsearch.common.component.AbstractLifecycleComponent.start(AbstractLifecycleComponent.java:66) ~[elasticsearch-6.1.3.jar:6.1.3]
	at org.elasticsearch.transport.TransportService.doStart(TransportService.java:209) ~[elasticsearch-6.1.3.jar:6.1.3]
	at org.elasticsearch.common.component.AbstractLifecycleComponent.start(AbstractLifecycleComponent.java:66) ~[elasticsearch-6.1.3.jar:6.1.3]
	at org.elasticsearch.node.Node.start(Node.java:613) ~[elasticsearch-6.1.3.jar:6.1.3]
	at org.elasticsearch.bootstrap.Bootstrap.start(Bootstrap.java:261) ~[elasticsearch-6.1.3.jar:6.1.3]
	at org.elasticsearch.bootstrap.Bootstrap.init(Bootstrap.java:331) [elasticsearch-6.1.3.jar:6.1.3]
	at org.elasticsearch.bootstrap.Elasticsearch.init(Elasticsearch.java:121) [elasticsearch-6.1.3.jar:6.1.3]
	at org.elasticsearch.bootstrap.Elasticsearch.execute(Elasticsearch.java:112) [elasticsearch-6.1.3.jar:6.1.3]
	at org.elasticsearch.cli.EnvironmentAwareCommand.execute(EnvironmentAwareCommand.java:86) [elasticsearch-6.1.3.jar:6.1.3]
	at org.elasticsearch.cli.Command.mainWithoutErrorHandling(Command.java:124) [elasticsearch-cli-6.1.3.jar:6.1.3]
	at org.elasticsearch.cli.Command.main(Command.java:90) [elasticsearch-cli-6.1.3.jar:6.1.3]
	at org.elasticsearch.bootstrap.Elasticsearch.main(Elasticsearch.java:92) [elasticsearch-6.1.3.jar:6.1.3]
	at org.elasticsearch.bootstrap.Elasticsearch.main(Elasticsearch.java:85) [elasticsearch-6.1.3.jar:6.1.3]
Caused by: java.net.BindException: Cannot assign requested address: bind
	at sun.nio.ch.Net.bind0(Native Method) ~[?:?]
	at sun.nio.ch.Net.bind(Unknown Source) ~[?:?]
	at sun.nio.ch.Net.bind(Unknown Source) ~[?:?]
	at sun.nio.ch.ServerSocketChannelImpl.bind(Unknown Source) ~[?:?]
	at io.netty.channel.socket.nio.NioServerSocketChannel.doBind(NioServerSocketChannel.java:128) ~[?:?]
	at io.netty.channel.AbstractChannel$AbstractUnsafe.bind(AbstractChannel.java:554) ~[?:?]
	at io.netty.channel.DefaultChannelPipeline$HeadContext.bind(DefaultChannelPipeline.java:1258) ~[?:?]
	at io.netty.channel.AbstractChannelHandlerContext.invokeBind(AbstractChannelHandlerContext.java:501) ~[?:?]
	at io.netty.channel.AbstractChannelHandlerContext.bind(AbstractChannelHandlerContext.java:486) ~[?:?]
	at io.netty.channel.DefaultChannelPipeline.bind(DefaultChannelPipeline.java:980) ~[?:?]
	at io.netty.channel.AbstractChannel.bind(AbstractChannel.java:250) ~[?:?]
	at io.netty.bootstrap.AbstractBootstrap$2.run(AbstractBootstrap.java:365) ~[?:?]
	at io.netty.util.concurrent.AbstractEventExecutor.safeExecute(AbstractEventExecutor.java:163) ~[?:?]
	at io.netty.util.concurrent.SingleThreadEventExecutor.runAllTasks(SingleThreadEventExecutor.java:403) ~[?:?]
	at io.netty.channel.nio.NioEventLoop.run(NioEventLoop.java:462) ~[?:?]
	at io.netty.util.concurrent.SingleThreadEventExecutor$5.run(SingleThreadEventExecutor.java:858) ~[?:?]
	at java.lang.Thread.run(Unknown Source) ~[?:?]
[2018-02-10T12:25:11,530][WARN ][o.e.b.ElasticsearchUncaughtExceptionHandler] [node-1] uncaught exception in thread [main]
org.elasticsearch.bootstrap.StartupException: BindTransportException[Failed to bind to [9300-9400]]; nested: BindException[Cannot assign requested address: bind];
	at org.elasticsearch.bootstrap.Elasticsearch.init(Elasticsearch.java:125) ~[elasticsearch-6.1.3.jar:6.1.3]
	at org.elasticsearch.bootstrap.Elasticsearch.execute(Elasticsearch.java:112) ~[elasticsearch-6.1.3.jar:6.1.3]
	at org.elasticsearch.cli.EnvironmentAwareCommand.execute(EnvironmentAwareCommand.java:86) ~[elasticsearch-6.1.3.jar:6.1.3]
	at org.elasticsearch.cli.Command.mainWithoutErrorHandling(Command.java:124) ~[elasticsearch-cli-6.1.3.jar:6.1.3]
	at org.elasticsearch.cli.Command.main(Command.java:90) ~[elasticsearch-cli-6.1.3.jar:6.1.3]
	at org.elasticsearch.bootstrap.Elasticsearch.main(Elasticsearch.java:92) ~[elasticsearch-6.1.3.jar:6.1.3]
	at org.elasticsearch.bootstrap.Elasticsearch.main(Elasticsearch.java:85) ~[elasticsearch-6.1.3.jar:6.1.3]
Caused by: org.elasticsearch.transport.BindTransportException: Failed to bind to [9300-9400]
	at org.elasticsearch.transport.TcpTransport.bindToPort(TcpTransport.java:793) ~[elasticsearch-6.1.3.jar:6.1.3]
	at org.elasticsearch.transport.TcpTransport.bindServer(TcpTransport.java:758) ~[elasticsearch-6.1.3.jar:6.1.3]
	at org.elasticsearch.transport.netty4.Netty4Transport.doStart(Netty4Transport.java:139) ~[?:?]
	at org.elasticsearch.common.component.AbstractLifecycleComponent.start(AbstractLifecycleComponent.java:66) ~[elasticsearch-6.1.3.jar:6.1.3]
	at org.elasticsearch.transport.TransportService.doStart(TransportService.java:209) ~[elasticsearch-6.1.3.jar:6.1.3]
	at org.elasticsearch.common.component.AbstractLifecycleComponent.start(AbstractLifecycleComponent.java:66) ~[elasticsearch-6.1.3.jar:6.1.3]
	at org.elasticsearch.node.Node.start(Node.java:613) ~[elasticsearch-6.1.3.jar:6.1.3]
	at org.elasticsearch.bootstrap.Bootstrap.start(Bootstrap.java:261) ~[elasticsearch-6.1.3.jar:6.1.3]
	at org.elasticsearch.bootstrap.Bootstrap.init(Bootstrap.java:331) ~[elasticsearch-6.1.3.jar:6.1.3]
	at org.elasticsearch.bootstrap.Elasticsearch.init(Elasticsearch.java:121) ~[elasticsearch-6.1.3.jar:6.1.3]
	... 6 more
Caused by: java.net.BindException: Cannot assign requested address: bind
	at sun.nio.ch.Net.bind0(Native Method) ~[?:?]
	at sun.nio.ch.Net.bind(Unknown Source) ~[?:?]
	at sun.nio.ch.Net.bind(Unknown Source) ~[?:?]
	at sun.nio.ch.ServerSocketChannelImpl.bind(Unknown Source) ~[?:?]
	at io.netty.channel.socket.nio.NioServerSocketChannel.doBind(NioServerSocketChannel.java:128) ~[?:?]
	at io.netty.channel.AbstractChannel$AbstractUnsafe.bind(AbstractChannel.java:554) ~[?:?]
	at io.netty.channel.DefaultChannelPipeline$HeadContext.bind(DefaultChannelPipeline.java:1258) ~[?:?]
	at io.netty.channel.AbstractChannelHandlerContext.invokeBind(AbstractChannelHandlerContext.java:501) ~[?:?]
	at io.netty.channel.AbstractChannelHandlerContext.bind(AbstractChannelHandlerContext.java:486) ~[?:?]
	at io.netty.channel.DefaultChannelPipeline.bind(DefaultChannelPipeline.java:980) ~[?:?]
	at io.netty.channel.AbstractChannel.bind(AbstractChannel.java:250) ~[?:?]
	at io.netty.bootstrap.AbstractBootstrap$2.run(AbstractBootstrap.java:365) ~[?:?]
	at io.netty.util.concurrent.AbstractEventExecutor.safeExecute(AbstractEventExecutor.java:163) ~[?:?]
	at io.netty.util.concurrent.SingleThreadEventExecutor.runAllTasks(SingleThreadEventExecutor.java:403) ~[?:?]
	at io.netty.channel.nio.NioEventLoop.run(NioEventLoop.java:462) ~[?:?]
	at io.netty.util.concurrent.SingleThreadEventExecutor$5.run(SingleThreadEventExecutor.java:858) ~[?:?]
	at java.lang.Thread.run(Unknown Source) [?:?]
[2018-02-10T12:25:12,206][INFO ][o.e.n.Node               ] [node-1] stopping ...
[2018-02-10T12:25:12,209][INFO ][o.e.n.Node               ] [node-1] stopped
[2018-02-10T12:25:12,210][INFO ][o.e.n.Node               ] [node-1] closing ...
[2018-02-10T12:25:12,218][INFO ][o.e.n.Node               ] [node-1] closed
[2018-02-10T12:25:40,227][INFO ][o.e.n.Node               ] [node-1] initializing ...
[2018-02-10T12:25:41,386][INFO ][o.e.e.NodeEnvironment    ] [node-1] using [1] data paths, mounts [[(C:)]], net usable_space [43.8gb], net total_space [227.3gb], types [NTFS]
[2018-02-10T12:25:41,387][INFO ][o.e.e.NodeEnvironment    ] [node-1] heap size [990.7mb], compressed ordinary object pointers [true]
[2018-02-10T12:25:41,393][INFO ][o.e.n.Node               ] [node-1] node name [node-1], node ID [9YaRpnijQjSty1xFF213Mw]
[2018-02-10T12:25:41,394][INFO ][o.e.n.Node               ] [node-1] version[6.1.3], pid[5408], build[af51318/2018-01-26T18:22:55.523Z], OS[Windows 10/10.0/amd64], JVM[Oracle Corporation/Java HotSpot(TM) 64-Bit Server VM/9.0.4/9.0.4+11]
[2018-02-10T12:25:41,394][INFO ][o.e.n.Node               ] [node-1] JVM arguments [-Xms1g, -Xmx1g, -XX:+UseConcMarkSweepGC, -XX:CMSInitiatingOccupancyFraction=75, -XX:+UseCMSInitiatingOccupancyOnly, -XX:+AlwaysPreTouch, -Xss1m, -Djava.awt.headless=true, -Dfile.encoding=UTF-8, -Djna.nosys=true, -XX:-OmitStackTraceInFastThrow, -Dio.netty.noUnsafe=true, -Dio.netty.noKeySetOptimization=true, -Dio.netty.recycler.maxCapacityPerThread=0, -Dlog4j.shutdownHookEnabled=false, -Dlog4j2.disable.jmx=true, -XX:+HeapDumpOnOutOfMemoryError, -Delasticsearch, -Des.path.home=C:\Users\GiangNT\Desktop\elasticsearch\elasticsearch-6.1.3, -Des.path.conf=C:\Users\GiangNT\Desktop\elasticsearch\elasticsearch-6.1.3\config]
[2018-02-10T12:25:43,582][INFO ][o.e.p.PluginsService     ] [node-1] loaded module [aggs-matrix-stats]
[2018-02-10T12:25:43,584][INFO ][o.e.p.PluginsService     ] [node-1] loaded module [analysis-common]
[2018-02-10T12:25:43,584][INFO ][o.e.p.PluginsService     ] [node-1] loaded module [ingest-common]
[2018-02-10T12:25:43,584][INFO ][o.e.p.PluginsService     ] [node-1] loaded module [lang-expression]
[2018-02-10T12:25:43,584][INFO ][o.e.p.PluginsService     ] [node-1] loaded module [lang-mustache]
[2018-02-10T12:25:43,584][INFO ][o.e.p.PluginsService     ] [node-1] loaded module [lang-painless]
[2018-02-10T12:25:43,585][INFO ][o.e.p.PluginsService     ] [node-1] loaded module [mapper-extras]
[2018-02-10T12:25:43,586][INFO ][o.e.p.PluginsService     ] [node-1] loaded module [parent-join]
[2018-02-10T12:25:43,586][INFO ][o.e.p.PluginsService     ] [node-1] loaded module [percolator]
[2018-02-10T12:25:43,586][INFO ][o.e.p.PluginsService     ] [node-1] loaded module [reindex]
[2018-02-10T12:25:43,586][INFO ][o.e.p.PluginsService     ] [node-1] loaded module [repository-url]
[2018-02-10T12:25:43,588][INFO ][o.e.p.PluginsService     ] [node-1] loaded module [transport-netty4]
[2018-02-10T12:25:43,588][INFO ][o.e.p.PluginsService     ] [node-1] loaded module [tribe]
[2018-02-10T12:25:43,589][INFO ][o.e.p.PluginsService     ] [node-1] no plugins loaded
[2018-02-10T12:25:49,661][INFO ][o.e.d.DiscoveryModule    ] [node-1] using discovery type [zen]
[2018-02-10T12:25:50,320][INFO ][o.e.n.Node               ] [node-1] initialized
[2018-02-10T12:25:50,321][INFO ][o.e.n.Node               ] [node-1] starting ...
[2018-02-10T12:25:51,946][INFO ][o.e.t.TransportService   ] [node-1] publish_address {127.0.0.1:9300}, bound_addresses {127.0.0.1:9300}, {[::1]:9300}
[2018-02-10T12:25:58,296][INFO ][o.e.c.s.MasterService    ] [node-1] zen-disco-elected-as-master ([0] nodes joined), reason: new_master {node-1}{9YaRpnijQjSty1xFF213Mw}{qK3USPAjRM2MZ1gjRHgjRg}{127.0.0.1}{127.0.0.1:9300}{rack=r1}
[2018-02-10T12:25:58,312][INFO ][o.e.c.s.ClusterApplierService] [node-1] new_master {node-1}{9YaRpnijQjSty1xFF213Mw}{qK3USPAjRM2MZ1gjRHgjRg}{127.0.0.1}{127.0.0.1:9300}{rack=r1}, reason: apply cluster state (from master [master {node-1}{9YaRpnijQjSty1xFF213Mw}{qK3USPAjRM2MZ1gjRHgjRg}{127.0.0.1}{127.0.0.1:9300}{rack=r1} committed version [1] source [zen-disco-elected-as-master ([0] nodes joined)]])
[2018-02-10T12:25:58,536][INFO ][o.e.g.GatewayService     ] [node-1] recovered [0] indices into cluster_state
[2018-02-10T12:25:58,784][INFO ][o.e.h.n.Netty4HttpServerTransport] [node-1] publish_address {127.0.0.1:9200}, bound_addresses {127.0.0.1:9200}, {[::1]:9200}
[2018-02-10T12:25:58,785][INFO ][o.e.n.Node               ] [node-1] started
[2018-02-10T12:26:45,839][INFO ][o.e.b.Bootstrap          ] running graceful exit on windows
[2018-02-10T12:26:45,840][INFO ][o.e.n.Node               ] [node-1] stopping ...
[2018-02-10T12:26:45,992][INFO ][o.e.n.Node               ] [node-1] stopped
[2018-02-10T12:26:45,994][INFO ][o.e.n.Node               ] [node-1] closing ...
[2018-02-10T12:26:46,004][INFO ][o.e.n.Node               ] [node-1] closed
[2018-02-10T12:35:04,892][INFO ][o.e.n.Node               ] [node-1] initializing ...
[2018-02-10T12:35:05,601][INFO ][o.e.e.NodeEnvironment    ] [node-1] using [1] data paths, mounts [[(C:)]], net usable_space [43.8gb], net total_space [227.3gb], types [NTFS]
[2018-02-10T12:35:05,601][INFO ][o.e.e.NodeEnvironment    ] [node-1] heap size [990.7mb], compressed ordinary object pointers [true]
[2018-02-10T12:35:05,607][INFO ][o.e.n.Node               ] [node-1] node name [node-1], node ID [9YaRpnijQjSty1xFF213Mw]
[2018-02-10T12:35:05,607][INFO ][o.e.n.Node               ] [node-1] version[6.1.3], pid[4592], build[af51318/2018-01-26T18:22:55.523Z], OS[Windows 10/10.0/amd64], JVM[Oracle Corporation/Java HotSpot(TM) 64-Bit Server VM/9.0.4/9.0.4+11]
[2018-02-10T12:35:05,608][INFO ][o.e.n.Node               ] [node-1] JVM arguments [-Xms1g, -Xmx1g, -XX:+UseConcMarkSweepGC, -XX:CMSInitiatingOccupancyFraction=75, -XX:+UseCMSInitiatingOccupancyOnly, -XX:+AlwaysPreTouch, -Xss1m, -Djava.awt.headless=true, -Dfile.encoding=UTF-8, -Djna.nosys=true, -XX:-OmitStackTraceInFastThrow, -Dio.netty.noUnsafe=true, -Dio.netty.noKeySetOptimization=true, -Dio.netty.recycler.maxCapacityPerThread=0, -Dlog4j.shutdownHookEnabled=false, -Dlog4j2.disable.jmx=true, -XX:+HeapDumpOnOutOfMemoryError, -Delasticsearch, -Des.path.home=C:\Users\GiangNT\Desktop\elasticsearch\elasticsearch-6.1.3, -Des.path.conf=C:\Users\GiangNT\Desktop\elasticsearch\elasticsearch-6.1.3\config]
[2018-02-10T12:35:09,679][INFO ][o.e.p.PluginsService     ] [node-1] loaded module [aggs-matrix-stats]
[2018-02-10T12:35:09,679][INFO ][o.e.p.PluginsService     ] [node-1] loaded module [analysis-common]
[2018-02-10T12:35:09,680][INFO ][o.e.p.PluginsService     ] [node-1] loaded module [ingest-common]
[2018-02-10T12:35:09,680][INFO ][o.e.p.PluginsService     ] [node-1] loaded module [lang-expression]
[2018-02-10T12:35:09,680][INFO ][o.e.p.PluginsService     ] [node-1] loaded module [lang-mustache]
[2018-02-10T12:35:09,680][INFO ][o.e.p.PluginsService     ] [node-1] loaded module [lang-painless]
[2018-02-10T12:35:09,680][INFO ][o.e.p.PluginsService     ] [node-1] loaded module [mapper-extras]
[2018-02-10T12:35:09,680][INFO ][o.e.p.PluginsService     ] [node-1] loaded module [parent-join]
[2018-02-10T12:35:09,681][INFO ][o.e.p.PluginsService     ] [node-1] loaded module [percolator]
[2018-02-10T12:35:09,681][INFO ][o.e.p.PluginsService     ] [node-1] loaded module [reindex]
[2018-02-10T12:35:09,681][INFO ][o.e.p.PluginsService     ] [node-1] loaded module [repository-url]
[2018-02-10T12:35:09,681][INFO ][o.e.p.PluginsService     ] [node-1] loaded module [transport-netty4]
[2018-02-10T12:35:09,681][INFO ][o.e.p.PluginsService     ] [node-1] loaded module [tribe]
[2018-02-10T12:35:09,683][INFO ][o.e.p.PluginsService     ] [node-1] no plugins loaded
[2018-02-10T12:35:15,629][INFO ][o.e.d.DiscoveryModule    ] [node-1] using discovery type [zen]
[2018-02-10T12:35:17,107][INFO ][o.e.n.Node               ] [node-1] initialized
[2018-02-10T12:35:17,107][INFO ][o.e.n.Node               ] [node-1] starting ...
[2018-02-10T12:35:18,049][INFO ][o.e.t.TransportService   ] [node-1] publish_address {127.0.0.1:9300}, bound_addresses {127.0.0.1:9300}, {[::1]:9300}
[2018-02-10T12:38:42,170][INFO ][o.e.n.Node               ] [node-1] initializing ...
[2018-02-10T12:38:42,585][INFO ][o.e.e.NodeEnvironment    ] [node-1] using [1] data paths, mounts [[(C:)]], net usable_space [43.8gb], net total_space [227.3gb], types [NTFS]
[2018-02-10T12:38:42,585][INFO ][o.e.e.NodeEnvironment    ] [node-1] heap size [990.7mb], compressed ordinary object pointers [true]
[2018-02-10T12:38:42,656][INFO ][o.e.n.Node               ] [node-1] node name [node-1], node ID [9YaRpnijQjSty1xFF213Mw]
[2018-02-10T12:38:42,657][INFO ][o.e.n.Node               ] [node-1] version[6.1.3], pid[1788], build[af51318/2018-01-26T18:22:55.523Z], OS[Windows 10/10.0/amd64], JVM[Oracle Corporation/Java HotSpot(TM) 64-Bit Server VM/9.0.4/9.0.4+11]
[2018-02-10T12:38:42,658][INFO ][o.e.n.Node               ] [node-1] JVM arguments [-Xms1g, -Xmx1g, -XX:+UseConcMarkSweepGC, -XX:CMSInitiatingOccupancyFraction=75, -XX:+UseCMSInitiatingOccupancyOnly, -XX:+AlwaysPreTouch, -Xss1m, -Djava.awt.headless=true, -Dfile.encoding=UTF-8, -Djna.nosys=true, -XX:-OmitStackTraceInFastThrow, -Dio.netty.noUnsafe=true, -Dio.netty.noKeySetOptimization=true, -Dio.netty.recycler.maxCapacityPerThread=0, -Dlog4j.shutdownHookEnabled=false, -Dlog4j2.disable.jmx=true, -XX:+HeapDumpOnOutOfMemoryError, -Delasticsearch, -Des.path.home=C:\Users\GiangNT\Desktop\elasticsearch\elasticsearch-6.1.3, -Des.path.conf=C:\Users\GiangNT\Desktop\elasticsearch\elasticsearch-6.1.3\config]
[2018-02-10T12:38:44,000][INFO ][o.e.p.PluginsService     ] [node-1] loaded module [aggs-matrix-stats]
[2018-02-10T12:38:44,000][INFO ][o.e.p.PluginsService     ] [node-1] loaded module [analysis-common]
[2018-02-10T12:38:44,001][INFO ][o.e.p.PluginsService     ] [node-1] loaded module [ingest-common]
[2018-02-10T12:38:44,001][INFO ][o.e.p.PluginsService     ] [node-1] loaded module [lang-expression]
[2018-02-10T12:38:44,001][INFO ][o.e.p.PluginsService     ] [node-1] loaded module [lang-mustache]
[2018-02-10T12:38:44,001][INFO ][o.e.p.PluginsService     ] [node-1] loaded module [lang-painless]
[2018-02-10T12:38:44,001][INFO ][o.e.p.PluginsService     ] [node-1] loaded module [mapper-extras]
[2018-02-10T12:38:44,001][INFO ][o.e.p.PluginsService     ] [node-1] loaded module [parent-join]
[2018-02-10T12:38:44,001][INFO ][o.e.p.PluginsService     ] [node-1] loaded module [percolator]
[2018-02-10T12:38:44,002][INFO ][o.e.p.PluginsService     ] [node-1] loaded module [reindex]
[2018-02-10T12:38:44,002][INFO ][o.e.p.PluginsService     ] [node-1] loaded module [repository-url]
[2018-02-10T12:38:44,002][INFO ][o.e.p.PluginsService     ] [node-1] loaded module [transport-netty4]
[2018-02-10T12:38:44,002][INFO ][o.e.p.PluginsService     ] [node-1] loaded module [tribe]
[2018-02-10T12:38:44,004][INFO ][o.e.p.PluginsService     ] [node-1] no plugins loaded
[2018-02-10T12:38:45,661][INFO ][o.e.d.DiscoveryModule    ] [node-1] using discovery type [zen]
[2018-02-10T12:38:46,480][INFO ][o.e.n.Node               ] [node-1] initialized
[2018-02-10T12:38:46,480][INFO ][o.e.n.Node               ] [node-1] starting ...
[2018-02-10T12:38:47,020][INFO ][o.e.t.TransportService   ] [node-1] publish_address {127.0.0.1:9300}, bound_addresses {127.0.0.1:9300}, {[::1]:9300}
[2018-02-10T12:38:50,084][INFO ][o.e.c.s.MasterService    ] [node-1] zen-disco-elected-as-master ([0] nodes joined), reason: new_master {node-1}{9YaRpnijQjSty1xFF213Mw}{ShsWKsGQRJ6UPRPvxmYG7g}{127.0.0.1}{127.0.0.1:9300}{rack=r1}
[2018-02-10T12:38:50,094][INFO ][o.e.c.s.ClusterApplierService] [node-1] new_master {node-1}{9YaRpnijQjSty1xFF213Mw}{ShsWKsGQRJ6UPRPvxmYG7g}{127.0.0.1}{127.0.0.1:9300}{rack=r1}, reason: apply cluster state (from master [master {node-1}{9YaRpnijQjSty1xFF213Mw}{ShsWKsGQRJ6UPRPvxmYG7g}{127.0.0.1}{127.0.0.1:9300}{rack=r1} committed version [1] source [zen-disco-elected-as-master ([0] nodes joined)]])
[2018-02-10T12:38:50,226][INFO ][o.e.g.GatewayService     ] [node-1] recovered [0] indices into cluster_state
[2018-02-10T12:38:50,428][INFO ][o.e.h.n.Netty4HttpServerTransport] [node-1] publish_address {127.0.0.1:9200}, bound_addresses {127.0.0.1:9200}, {[::1]:9200}
[2018-02-10T12:38:50,428][INFO ][o.e.n.Node               ] [node-1] started
[2018-02-10T12:39:19,401][INFO ][o.e.b.Bootstrap          ] running graceful exit on windows
[2018-02-10T12:39:19,401][INFO ][o.e.n.Node               ] [node-1] stopping ...
[2018-02-10T12:39:19,417][INFO ][o.e.n.Node               ] [node-1] stopped
[2018-02-10T12:39:19,417][INFO ][o.e.n.Node               ] [node-1] closing ...
[2018-02-10T12:39:19,427][INFO ][o.e.n.Node               ] [node-1] closed
